2025-12-07_21-39-09 | Backup dimulai di: ../sample-file
2025-12-07_21-39-33 | Backup berhasil di: ../backup-file/backup-20251207-213909.tar.gz
2025-12-07_21-39-33 | Besar backup adalah 0 MB | Status: SUCCESS
2025-12-07_21-39-50 | Backup dimulai di: /c/Program Files/Rockstar Games
2025-12-07_21-40-31 | Backup berhasil di: ../backup-file/backup-20251207-213950.tar.gz
2025-12-07_21-40-31 | Besar backup adalah 347 MB | Status: SUCCESS
2025-12-07_21-40-54 | Backup dimulai di: /c/Program Files/Rockstar Games
2025-12-07_21-41-24 | Backup berhasil di: ../backup-file/backup-20251207-214054.tar.gz
2025-12-07_21-41-24 | Besar backup adalah 347 MB | Status: SUCCESS
2025-12-07_21-41-57 | Backup dimulai di: /c/Program Files/Oracle
2025-12-07_21-42-28 | Backup berhasil di: ../backup-file/backup-20251207-214157.tar.gz
2025-12-07_21-42-28 | Besar backup adalah 125 MB | Status: SUCCESS
2025-12-07_21-43-50 | Backup dimulai di: /c/Program Files/Rockstar Games
2025-12-07_21-44-20 | Backup berhasil di: ../backup-file/backup-20251207-214350.tar.gz
2025-12-07_21-44-20 | Besar backup adalah 347 MB | Status: SUCCESS
2025-12-07_21-45-09 | Backup dimulai di: /c/Program Files/Rockstar Games
2025-12-07_21-45-40 | Backup berhasil di: ../backup-file/backup-20251207-214509.tar.gz
2025-12-07_21-45-40 | Besar backup adalah 347 MB | Status: SUCCESS
2025-12-07_21-46-33 | Backup dimulai di: /c/Program Files/Rockstar Games
2025-12-07_21-47-10 | Backup berhasil di: ../backup-file/backup-20251207-214633.tar.gz
2025-12-07_21-47-10 | Besar backup adalah 347 MB | Status: SUCCESS
2025-12-07_22-00-39 | Backup dimulai di: ../sample-file
2025-12-07_22-00-50 | Backup berhasil di: ../backup-file/backup-20251207-220039.tar.gz
2025-12-07_22-00-50 | Besar backup adalah 0 MB | Status: SUCCESS
2025-12-07_22-00-59 | Backup dimulai di: ../sample-file
2025-12-07_22-01-15 | Backup berhasil di: ../backup-file/backup-20251207-220059.tar.gz
2025-12-07_22-01-15 | Besar backup adalah 0 MB | Status: SUCCESS
2025-12-07_22-06-02 | Backup dimulai di: ../sample-file
2025-12-07_22-06-21 | Backup berhasil di: ../backup-file/backup-20251207-220602.tar.gz
2025-12-07_22-06-21 | Besar backup adalah 0 MB | Status: SUCCESS
2025-12-07_22-11-06 | Backup dimulai di: ../sample-file
2025-12-07_22-11-23 | Backup berhasil di: ../backup-file/backup-20251207-221106.tar.gz
2025-12-07_22-11-23 | Besar backup adalah 0 MB | Status: SUCCESS
2025-12-07_22-17-26 | Backup dimulai di: ../sample-file
2025-12-07_22-17-40 | Backup berhasil di: ../backup-file/backup-20251207-221726.tar.gz
2025-12-07_22-17-40 | Besar backup adalah 0 MB | Status: SUCCESS
2025-12-07_22-18-05 | Backup dimulai di: ../sample-file
2025-12-07_22-18-20 | Backup berhasil di: ../backup-file/backup-20251207-221805.tar.gz
2025-12-07_22-18-20 | Besar backup adalah 0 MB | Status: SUCCESS
2025-12-07_22-19-24 | Backup dimulai di: /c/Program Files/Oracle
2025-12-07_22-19-56 | Backup berhasil di: ../backup-file/backup-20251207-221924.tar.gz
2025-12-07_22-19-56 | Besar backup adalah 125 MB | Status: SUCCESS
2025-12-07_22-20-17 | Backup dimulai di: /c/Program Files/Oracle
2025-12-07_22-21-01 | Backup berhasil di: ../backup-file/backup-20251207-222017.tar.gz
2025-12-07_22-21-01 | Besar backup adalah 125 MB | Status: SUCCESS
2025-12-07_22-22-35 | Backup dimulai di: ../sample-file
2025-12-07_22-23-02 | Backup berhasil di: ../backup-file/backup-20251207-222235.tar.gz
2025-12-07_22-23-02 | Besar backup adalah 0 MB | Status: SUCCESS
2025-12-07_22-23-51 | Backup dimulai di: ../sample-file
2025-12-07_22-29-18 | Backup berhasil di: ../backup-file/backup-20251207-222351.tar.gz
2025-12-07_22-29-18 | Besar backup adalah 0 MB | Status: SUCCESS
2025-12-07_22-30-01 | Backup dimulai di: ../sample-file
2025-12-07_22-30-27 | Backup berhasil di: ../backup-file/backup-20251207-223001.tar.gz
2025-12-07_22-30-27 | Besar backup adalah 0 MB | Status: SUCCESS
2025-12-07_22-30-36 | Backup dimulai di: ../sample-file
2025-12-07_22-31-03 | Backup berhasil di: ../backup-file/backup-20251207-223036.tar.gz
2025-12-07_22-31-03 | Besar backup adalah 0 MB | Status: SUCCESS
